<?xml version="1.0" encoding="UTF-8"?>
<testng-results skipped="0" failed="0" ignored="0" total="1" passed="1">
  <reporter-output>
  </reporter-output>
  <suite name="Default suite" duration-ms="5781" started-at="2025-09-14T11:56:02Z" finished-at="2025-09-14T11:56:08Z">
    <groups>
    </groups>
    <test name="Default test" duration-ms="5781" started-at="2025-09-14T11:56:02Z" finished-at="2025-09-14T11:56:08Z">
      <class name="Com.JBK.MavenTest.LoginTest">
        <test-method status="PASS" signature="testLoginPage()[pri:0, instance:Com.JBK.MavenTest.LoginTest@68c4039c]" name="testLoginPage" is-config="true" duration-ms="4626" started-at="2025-09-14T11:56:02Z" finished-at="2025-09-14T11:56:07Z">
          <reporter-output>
          </reporter-output>
        </test-method> <!-- testLoginPage -->
        <test-method status="PASS" signature="testToNextpage()[pri:0, instance:Com.JBK.MavenTest.LoginTest@68c4039c]" name="testToNextpage" duration-ms="1093" started-at="2025-09-14T11:56:07Z" finished-at="2025-09-14T11:56:08Z">
          <reporter-output>
          </reporter-output>
        </test-method> <!-- testToNextpage -->
      </class> <!-- Com.JBK.MavenTest.LoginTest -->
    </test> <!-- Default test -->
  </suite> <!-- Default suite -->
</testng-results>
